
*** Running vivado
    with args -log design_1_wrapper.vds -m64 -product Vivado -mode batch -messageDb vivado.pb -notrace -source design_1_wrapper.tcl


****** Vivado v2023.2 (64-bit)
  **** SW Build 4029153 on Fri Oct 13 20:13:54 MDT 2023
  **** IP Build 4028589 on Sat Oct 14 00:45:43 MDT 2023
  **** SharedData Build 4025554 on Tue Oct 10 17:18:54 MDT 2023
    ** Copyright 1986-2022 Xilinx, Inc. All Rights Reserved.
    ** Copyright 2022-2023 Advanced Micro Devices, Inc. All Rights Reserved.

source design_1_wrapper.tcl -notrace
create_project: Time (s): cpu = 00:00:13 ; elapsed = 00:00:13 . Memory (MB): peak = 1327.074 ; gain = 0.023 ; free physical = 1299 ; free virtual = 17347
INFO: [IP_Flow 19-234] Refreshing IP repositories
INFO: [IP_Flow 19-1700] Loaded user IP repository '/home/emma/dev/vivadoProjects/ip_repo_CNN'.
INFO: [IP_Flow 19-2313] Loaded Vivado IP repository '/tools/Xilinx/Vivado/2023.2/data/ip'.
Command: read_checkpoint -auto_incremental -incremental /home/emma/dev/vivadoProjects/project_4_full_conv/project_4_full_conv.srcs/utils_1/imports/synth_1/design_1_wrapper.dcp
INFO: [Vivado 12-5825] Read reference checkpoint from /home/emma/dev/vivadoProjects/project_4_full_conv/project_4_full_conv.srcs/utils_1/imports/synth_1/design_1_wrapper.dcp for incremental synthesis
INFO: [Vivado 12-7989] Please ensure there are no constraint changes
Command: synth_design -top design_1_wrapper -part xc7z020clg400-1
Starting synth_design
Attempting to get a license for feature 'Synthesis' and/or device 'xc7z020'
INFO: [Common 17-349] Got license for feature 'Synthesis' and/or device 'xc7z020'
INFO: [Device 21-403] Loading part xc7z020clg400-1
INFO: [Designutils 20-5440] No compile time benefit to using incremental synthesis; A full resynthesis will be run
INFO: [Designutils 20-4379] Flow is switching to default flow due to incremental criteria not met. If you would like to alter this behaviour and have the flow terminate instead, please set the following parameter config_implementation {autoIncr.Synth.RejectBehavior Terminate}
INFO: [Synth 8-7079] Multithreading enabled for synth_design using a maximum of 4 processes.
INFO: [Synth 8-7078] Launching helper process for spawning children vivado processes
INFO: [Synth 8-7075] Helper process launched with PID 37341
---------------------------------------------------------------------------------
Starting RTL Elaboration : Time (s): cpu = 00:00:07 ; elapsed = 00:00:08 . Memory (MB): peak = 2055.352 ; gain = 403.746 ; free physical = 306 ; free virtual = 16355
---------------------------------------------------------------------------------
INFO: [Synth 8-638] synthesizing module 'design_1_wrapper' [/home/emma/dev/vivadoProjects/project_4_full_conv/project_4_full_conv.gen/sources_1/bd/design_1/hdl/design_1_wrapper.vhd:42]
INFO: [Synth 8-3491] module 'design_1' declared at '/home/emma/dev/vivadoProjects/project_4_full_conv/project_4_full_conv.gen/sources_1/bd/design_1/synth/design_1.vhd:15' bound to instance 'design_1_i' of component 'design_1' [/home/emma/dev/vivadoProjects/project_4_full_conv/project_4_full_conv.gen/sources_1/bd/design_1/hdl/design_1_wrapper.vhd:70]
INFO: [Synth 8-638] synthesizing module 'design_1' [/home/emma/dev/vivadoProjects/project_4_full_conv/project_4_full_conv.gen/sources_1/bd/design_1/synth/design_1.vhd:46]
INFO: [Synth 8-3491] module 'design_1_full_conv_0_0' declared at '/home/emma/dev/vivadoProjects/project_4_full_conv/project_4_full_conv.runs/synth_1/.Xil/Vivado-37172-scomputer-00/realtime/design_1_full_conv_0_0_stub.vhdl:6' bound to instance 'full_conv_0' of component 'design_1_full_conv_0_0' [/home/emma/dev/vivadoProjects/project_4_full_conv/project_4_full_conv.gen/sources_1/bd/design_1/synth/design_1.vhd:199]
INFO: [Synth 8-638] synthesizing module 'design_1_full_conv_0_0' [/home/emma/dev/vivadoProjects/project_4_full_conv/project_4_full_conv.runs/synth_1/.Xil/Vivado-37172-scomputer-00/realtime/design_1_full_conv_0_0_stub.vhdl:75]
INFO: [Synth 8-256] done synthesizing module 'design_1' (0#1) [/home/emma/dev/vivadoProjects/project_4_full_conv/project_4_full_conv.gen/sources_1/bd/design_1/synth/design_1.vhd:46]
INFO: [Synth 8-256] done synthesizing module 'design_1_wrapper' (0#1) [/home/emma/dev/vivadoProjects/project_4_full_conv/project_4_full_conv.gen/sources_1/bd/design_1/hdl/design_1_wrapper.vhd:42]
---------------------------------------------------------------------------------
Finished RTL Elaboration : Time (s): cpu = 00:00:10 ; elapsed = 00:00:11 . Memory (MB): peak = 2131.289 ; gain = 479.684 ; free physical = 208 ; free virtual = 16258
---------------------------------------------------------------------------------
---------------------------------------------------------------------------------
Start Handling Custom Attributes
---------------------------------------------------------------------------------
---------------------------------------------------------------------------------
Finished Handling Custom Attributes : Time (s): cpu = 00:00:10 ; elapsed = 00:00:11 . Memory (MB): peak = 2149.102 ; gain = 497.496 ; free physical = 205 ; free virtual = 16255
---------------------------------------------------------------------------------
---------------------------------------------------------------------------------
Finished RTL Optimization Phase 1 : Time (s): cpu = 00:00:10 ; elapsed = 00:00:11 . Memory (MB): peak = 2149.102 ; gain = 497.496 ; free physical = 205 ; free virtual = 16255
---------------------------------------------------------------------------------
Netlist sorting complete. Time (s): cpu = 00:00:00 ; elapsed = 00:00:00.01 . Memory (MB): peak = 2149.102 ; gain = 0.000 ; free physical = 205 ; free virtual = 16255
INFO: [Project 1-570] Preparing netlist for logic optimization

Processing XDC Constraints
Initializing timing engine
Parsing XDC File [/home/emma/dev/vivadoProjects/project_4_full_conv/project_4_full_conv.gen/sources_1/bd/design_1/ip/design_1_full_conv_0_0/design_1_full_conv_0_0/design_1_full_conv_0_0_in_context.xdc] for cell 'design_1_i/full_conv_0'
Finished Parsing XDC File [/home/emma/dev/vivadoProjects/project_4_full_conv/project_4_full_conv.gen/sources_1/bd/design_1/ip/design_1_full_conv_0_0/design_1_full_conv_0_0/design_1_full_conv_0_0_in_context.xdc] for cell 'design_1_i/full_conv_0'
Parsing XDC File [/home/emma/dev/vivadoProjects/project_4_full_conv/project_4_full_conv.srcs/constrs_1/new/synt_cons.xdc]
Finished Parsing XDC File [/home/emma/dev/vivadoProjects/project_4_full_conv/project_4_full_conv.srcs/constrs_1/new/synt_cons.xdc]
Parsing XDC File [/home/emma/dev/vivadoProjects/project_4_full_conv/project_4_full_conv.runs/synth_1/dont_touch.xdc]
Finished Parsing XDC File [/home/emma/dev/vivadoProjects/project_4_full_conv/project_4_full_conv.runs/synth_1/dont_touch.xdc]
Completed Processing XDC Constraints

Netlist sorting complete. Time (s): cpu = 00:00:00 ; elapsed = 00:00:00 . Memory (MB): peak = 2222.039 ; gain = 0.000 ; free physical = 196 ; free virtual = 16247
INFO: [Project 1-111] Unisim Transformation Summary:
No Unisim elements were transformed.

Constraint Validation Runtime : Time (s): cpu = 00:00:00 ; elapsed = 00:00:00.01 . Memory (MB): peak = 2222.074 ; gain = 0.000 ; free physical = 196 ; free virtual = 16247
INFO: [Designutils 20-5440] No compile time benefit to using incremental synthesis; A full resynthesis will be run
INFO: [Designutils 20-4379] Flow is switching to default flow due to incremental criteria not met. If you would like to alter this behaviour and have the flow terminate instead, please set the following parameter config_implementation {autoIncr.Synth.RejectBehavior Terminate}
---------------------------------------------------------------------------------
Finished Constraint Validation : Time (s): cpu = 00:00:22 ; elapsed = 00:00:23 . Memory (MB): peak = 2222.074 ; gain = 570.469 ; free physical = 194 ; free virtual = 16247
---------------------------------------------------------------------------------
---------------------------------------------------------------------------------
Start Loading Part and Timing Information
---------------------------------------------------------------------------------
Loading part: xc7z020clg400-1
---------------------------------------------------------------------------------
Finished Loading Part and Timing Information : Time (s): cpu = 00:00:22 ; elapsed = 00:00:23 . Memory (MB): peak = 2222.074 ; gain = 570.469 ; free physical = 194 ; free virtual = 16247
---------------------------------------------------------------------------------
---------------------------------------------------------------------------------
Start Applying 'set_property' XDC Constraints
---------------------------------------------------------------------------------
Applied set_property KEEP_HIERARCHY = SOFT for design_1_i. (constraint file  auto generated constraint).
Applied set_property KEEP_HIERARCHY = SOFT for design_1_i/full_conv_0. (constraint file  auto generated constraint).
---------------------------------------------------------------------------------
Finished applying 'set_property' XDC Constraints : Time (s): cpu = 00:00:22 ; elapsed = 00:00:23 . Memory (MB): peak = 2222.074 ; gain = 570.469 ; free physical = 194 ; free virtual = 16247
---------------------------------------------------------------------------------
---------------------------------------------------------------------------------
Finished RTL Optimization Phase 2 : Time (s): cpu = 00:00:23 ; elapsed = 00:00:23 . Memory (MB): peak = 2222.074 ; gain = 570.469 ; free physical = 195 ; free virtual = 16247
---------------------------------------------------------------------------------
---------------------------------------------------------------------------------
Start RTL Component Statistics 
---------------------------------------------------------------------------------
Detailed RTL Component Info : 
---------------------------------------------------------------------------------
Finished RTL Component Statistics 
---------------------------------------------------------------------------------
---------------------------------------------------------------------------------
Start Part Resource Summary
---------------------------------------------------------------------------------
Part Resources:
DSPs: 220 (col length:60)
BRAMs: 280 (col length: RAMB18 60 RAMB36 30)
---------------------------------------------------------------------------------
Finished Part Resource Summary
---------------------------------------------------------------------------------
---------------------------------------------------------------------------------
Start Cross Boundary and Area Optimization
---------------------------------------------------------------------------------
WARNING: [Synth 8-7080] Parallel synthesis criteria is not met
---------------------------------------------------------------------------------
Finished Cross Boundary and Area Optimization : Time (s): cpu = 00:00:25 ; elapsed = 00:00:25 . Memory (MB): peak = 2222.074 ; gain = 570.469 ; free physical = 191 ; free virtual = 16247
---------------------------------------------------------------------------------
---------------------------------------------------------------------------------
Start Applying XDC Timing Constraints
---------------------------------------------------------------------------------
---------------------------------------------------------------------------------
Finished Applying XDC Timing Constraints : Time (s): cpu = 00:00:34 ; elapsed = 00:00:34 . Memory (MB): peak = 2222.074 ; gain = 570.469 ; free physical = 189 ; free virtual = 16244
---------------------------------------------------------------------------------
---------------------------------------------------------------------------------
Start Timing Optimization
---------------------------------------------------------------------------------
---------------------------------------------------------------------------------
Finished Timing Optimization : Time (s): cpu = 00:00:34 ; elapsed = 00:00:34 . Memory (MB): peak = 2222.074 ; gain = 570.469 ; free physical = 189 ; free virtual = 16244
---------------------------------------------------------------------------------
---------------------------------------------------------------------------------
Start Technology Mapping
---------------------------------------------------------------------------------
---------------------------------------------------------------------------------
Finished Technology Mapping : Time (s): cpu = 00:00:34 ; elapsed = 00:00:34 . Memory (MB): peak = 2222.074 ; gain = 570.469 ; free physical = 189 ; free virtual = 16244
---------------------------------------------------------------------------------
---------------------------------------------------------------------------------
Start IO Insertion
---------------------------------------------------------------------------------
---------------------------------------------------------------------------------
Start Flattening Before IO Insertion
---------------------------------------------------------------------------------
---------------------------------------------------------------------------------
Finished Flattening Before IO Insertion
---------------------------------------------------------------------------------
---------------------------------------------------------------------------------
Start Final Netlist Cleanup
---------------------------------------------------------------------------------
---------------------------------------------------------------------------------
Finished Final Netlist Cleanup
---------------------------------------------------------------------------------
---------------------------------------------------------------------------------
Finished IO Insertion : Time (s): cpu = 00:00:41 ; elapsed = 00:00:42 . Memory (MB): peak = 2222.074 ; gain = 570.469 ; free physical = 188 ; free virtual = 16245
---------------------------------------------------------------------------------
---------------------------------------------------------------------------------
Start Renaming Generated Instances
---------------------------------------------------------------------------------
---------------------------------------------------------------------------------
Finished Renaming Generated Instances : Time (s): cpu = 00:00:41 ; elapsed = 00:00:42 . Memory (MB): peak = 2222.074 ; gain = 570.469 ; free physical = 188 ; free virtual = 16245
---------------------------------------------------------------------------------
---------------------------------------------------------------------------------
Start Rebuilding User Hierarchy
---------------------------------------------------------------------------------
---------------------------------------------------------------------------------
Finished Rebuilding User Hierarchy : Time (s): cpu = 00:00:41 ; elapsed = 00:00:42 . Memory (MB): peak = 2222.074 ; gain = 570.469 ; free physical = 188 ; free virtual = 16245
---------------------------------------------------------------------------------
---------------------------------------------------------------------------------
Start Renaming Generated Ports
---------------------------------------------------------------------------------
---------------------------------------------------------------------------------
Finished Renaming Generated Ports : Time (s): cpu = 00:00:42 ; elapsed = 00:00:42 . Memory (MB): peak = 2222.074 ; gain = 570.469 ; free physical = 188 ; free virtual = 16245
---------------------------------------------------------------------------------
---------------------------------------------------------------------------------
Start Handling Custom Attributes
---------------------------------------------------------------------------------
---------------------------------------------------------------------------------
Finished Handling Custom Attributes : Time (s): cpu = 00:00:42 ; elapsed = 00:00:42 . Memory (MB): peak = 2222.074 ; gain = 570.469 ; free physical = 188 ; free virtual = 16245
---------------------------------------------------------------------------------
---------------------------------------------------------------------------------
Start Renaming Generated Nets
---------------------------------------------------------------------------------
---------------------------------------------------------------------------------
Finished Renaming Generated Nets : Time (s): cpu = 00:00:42 ; elapsed = 00:00:42 . Memory (MB): peak = 2222.074 ; gain = 570.469 ; free physical = 188 ; free virtual = 16245
---------------------------------------------------------------------------------
---------------------------------------------------------------------------------
Start Writing Synthesis Report
---------------------------------------------------------------------------------

Report BlackBoxes: 
+------+-----------------------+----------+
|      |BlackBox name          |Instances |
+------+-----------------------+----------+
|1     |design_1_full_conv_0_0 |         1|
+------+-----------------------+----------+

Report Cell Usage: 
+------+----------------------------+------+
|      |Cell                        |Count |
+------+----------------------------+------+
|1     |design_1_full_conv_0_0_bbox |     1|
|2     |IBUF                        |    36|
|3     |OBUF                        |   265|
+------+----------------------------+------+
---------------------------------------------------------------------------------
Finished Writing Synthesis Report : Time (s): cpu = 00:00:42 ; elapsed = 00:00:42 . Memory (MB): peak = 2222.074 ; gain = 570.469 ; free physical = 188 ; free virtual = 16245
---------------------------------------------------------------------------------
Synthesis finished with 0 errors, 0 critical warnings and 1 warnings.
Synthesis Optimization Runtime : Time (s): cpu = 00:00:38 ; elapsed = 00:00:39 . Memory (MB): peak = 2222.074 ; gain = 497.496 ; free physical = 188 ; free virtual = 16245
Synthesis Optimization Complete : Time (s): cpu = 00:00:42 ; elapsed = 00:00:42 . Memory (MB): peak = 2222.074 ; gain = 570.469 ; free physical = 188 ; free virtual = 16245
INFO: [Project 1-571] Translating synthesized netlist
Netlist sorting complete. Time (s): cpu = 00:00:00.01 ; elapsed = 00:00:00 . Memory (MB): peak = 2222.074 ; gain = 0.000 ; free physical = 188 ; free virtual = 16245
INFO: [Project 1-570] Preparing netlist for logic optimization
INFO: [Opt 31-138] Pushed 0 inverter(s) to 0 load pin(s).
Netlist sorting complete. Time (s): cpu = 00:00:00 ; elapsed = 00:00:00 . Memory (MB): peak = 2222.074 ; gain = 0.000 ; free physical = 473 ; free virtual = 16528
INFO: [Project 1-111] Unisim Transformation Summary:
No Unisim elements were transformed.

Synth Design complete | Checksum: a2ee9e60
INFO: [Common 17-83] Releasing license: Synthesis
28 Infos, 1 Warnings, 0 Critical Warnings and 0 Errors encountered.
synth_design completed successfully
synth_design: Time (s): cpu = 00:00:56 ; elapsed = 00:00:50 . Memory (MB): peak = 2222.074 ; gain = 895.000 ; free physical = 473 ; free virtual = 16528
INFO: [Common 17-2834] synth_design peak Physical Memory [PSS] (MB): overall = 1953.135; main = 1650.036; forked = 421.776
INFO: [Common 17-2834] synth_design peak Virtual Memory [VSS] (MB): overall = 3180.359; main = 2190.023; forked = 990.336
Write ShapeDB Complete: Time (s): cpu = 00:00:00 ; elapsed = 00:00:00.01 . Memory (MB): peak = 2222.074 ; gain = 0.000 ; free physical = 473 ; free virtual = 16528
INFO: [Common 17-1381] The checkpoint '/home/emma/dev/vivadoProjects/project_4_full_conv/project_4_full_conv.runs/synth_1/design_1_wrapper.dcp' has been generated.
INFO: [runtcl-4] Executing : report_utilization -file design_1_wrapper_utilization_synth.rpt -pb design_1_wrapper_utilization_synth.pb
INFO: [Common 17-206] Exiting Vivado at Thu May 23 16:36:54 2024...
