INFO: [VRFC 10-163] Analyzing VHDL file "/home/emma/dev/vivadoProjects/project_4_full_conv/project_4_full_conv.ip_user_files/bd/design_1/ipshared/967f/hdl/full_conv_v2_0_S00_AXIS.vhd" into library xil_defaultlib
INFO: [VRFC 10-3107] analyzing entity 'full_conv_v2_0_S00_AXIS'
INFO: [VRFC 10-163] Analyzing VHDL file "/home/emma/dev/vivadoProjects/project_4_full_conv/project_4_full_conv.ip_user_files/bd/design_1/ipshared/967f/hdl/full_conv_v2_0_M00_AXIS.vhd" into library xil_defaultlib
INFO: [VRFC 10-3107] analyzing entity 'full_conv_v2_0_M00_AXIS'
INFO: [VRFC 10-163] Analyzing VHDL file "/home/emma/dev/vivadoProjects/project_4_full_conv/project_4_full_conv.ip_user_files/bd/design_1/ipshared/967f/hdl/full_conv_v2_0_M01_AXIS.vhd" into library xil_defaultlib
INFO: [VRFC 10-3107] analyzing entity 'full_conv_v2_0_M01_AXIS'
INFO: [VRFC 10-163] Analyzing VHDL file "/home/emma/dev/vivadoProjects/project_4_full_conv/project_4_full_conv.ip_user_files/bd/design_1/ipshared/967f/hdl/full_conv_v2_0_M02_AXIS.vhd" into library xil_defaultlib
INFO: [VRFC 10-3107] analyzing entity 'full_conv_v2_0_M02_AXIS'
INFO: [VRFC 10-163] Analyzing VHDL file "/home/emma/dev/vivadoProjects/project_4_full_conv/project_4_full_conv.ip_user_files/bd/design_1/ipshared/967f/hdl/full_conv_v2_0_M03_AXIS.vhd" into library xil_defaultlib
INFO: [VRFC 10-3107] analyzing entity 'full_conv_v2_0_M03_AXIS'
INFO: [VRFC 10-163] Analyzing VHDL file "/home/emma/dev/vivadoProjects/project_4_full_conv/project_4_full_conv.ip_user_files/bd/design_1/ipshared/967f/hdl/full_conv_v2_0_M04_AXIS.vhd" into library xil_defaultlib
INFO: [VRFC 10-3107] analyzing entity 'full_conv_v2_0_M04_AXIS'
INFO: [VRFC 10-163] Analyzing VHDL file "/home/emma/dev/vivadoProjects/project_4_full_conv/project_4_full_conv.ip_user_files/bd/design_1/ipshared/967f/hdl/full_conv_v2_0_M05_AXIS.vhd" into library xil_defaultlib
INFO: [VRFC 10-3107] analyzing entity 'full_conv_v2_0_M05_AXIS'
INFO: [VRFC 10-163] Analyzing VHDL file "/home/emma/dev/vivadoProjects/project_4_full_conv/project_4_full_conv.ip_user_files/bd/design_1/ipshared/967f/hdl/full_conv_v2_0_M06_AXIS.vhd" into library xil_defaultlib
INFO: [VRFC 10-3107] analyzing entity 'full_conv_v2_0_M06_AXIS'
INFO: [VRFC 10-163] Analyzing VHDL file "/home/emma/dev/vivadoProjects/project_4_full_conv/project_4_full_conv.ip_user_files/bd/design_1/ipshared/967f/hdl/full_conv_v2_0_M07_AXIS.vhd" into library xil_defaultlib
INFO: [VRFC 10-3107] analyzing entity 'full_conv_v2_0_M07_AXIS'
INFO: [VRFC 10-163] Analyzing VHDL file "/home/emma/dev/vivadoProjects/project_4_full_conv/project_4_full_conv.ip_user_files/bd/design_1/ipshared/967f/src/conv.vhd" into library xil_defaultlib
INFO: [VRFC 10-3107] analyzing entity 'conv'
INFO: [VRFC 10-163] Analyzing VHDL file "/home/emma/dev/vivadoProjects/project_4_full_conv/project_4_full_conv.ip_user_files/bd/design_1/ipshared/967f/src/kernel_multiplier.vhd" into library xil_defaultlib
INFO: [VRFC 10-3107] analyzing entity 'kernel_multiplier'
INFO: [VRFC 10-163] Analyzing VHDL file "/home/emma/dev/vivadoProjects/project_4_full_conv/project_4_full_conv.ip_user_files/bd/design_1/ipshared/967f/hdl/full_conv_v2_0.vhd" into library xil_defaultlib
INFO: [VRFC 10-3107] analyzing entity 'full_conv_v2_0'
INFO: [VRFC 10-163] Analyzing VHDL file "/home/emma/dev/vivadoProjects/project_4_full_conv/project_4_full_conv.ip_user_files/bd/design_1/ip/design_1_full_conv_0_0/sim/design_1_full_conv_0_0.vhd" into library xil_defaultlib
INFO: [VRFC 10-3107] analyzing entity 'design_1_full_conv_0_0'
INFO: [VRFC 10-163] Analyzing VHDL file "/home/emma/dev/vivadoProjects/project_4_full_conv/project_4_full_conv.ip_user_files/bd/design_1/sim/design_1.vhd" into library xil_defaultlib
INFO: [VRFC 10-3107] analyzing entity 'design_1'
INFO: [VRFC 10-163] Analyzing VHDL file "/home/emma/dev/vivadoProjects/project_4_full_conv/project_4_full_conv.gen/sources_1/bd/design_1/hdl/design_1_wrapper.vhd" into library xil_defaultlib
INFO: [VRFC 10-3107] analyzing entity 'design_1_wrapper'
INFO: [VRFC 10-163] Analyzing VHDL file "/home/emma/dev/vivadoProjects/project_4_full_conv/project_4_full_conv.srcs/sim_1/imports/emma/stimulus_generator_conv.vhd" into library xil_defaultlib
INFO: [VRFC 10-3107] analyzing entity 'stimulus_generator_conv'
INFO: [VRFC 10-163] Analyzing VHDL file "/home/emma/dev/vivadoProjects/project_4_full_conv/project_4_full_conv.srcs/sim_1/imports/emma/tb_full_conv_axi.vhd" into library xil_defaultlib
INFO: [VRFC 10-3107] analyzing entity 'tb_full_conv_axi'
